\BOOKMARK [0][-]{chapter.1}{\376\377\0001\000\040\000\315\000n\000d\000i\000c\000e\000\040\000H\000i\000e\000r\000\341\000r\000q\000u\000i\000c\000o}{}% 1
\BOOKMARK [1][-]{section.1.1}{\376\377\0001\000.\0001\000\040\000H\000i\000e\000r\000a\000r\000q\000u\000i\000a\000\040\000d\000e\000\040\000C\000l\000a\000s\000s\000e\000s}{chapter.1}% 2
\BOOKMARK [0][-]{chapter.2}{\376\377\0002\000\040\000\315\000n\000d\000i\000c\000e\000\040\000d\000o\000s\000\040\000C\000o\000m\000p\000o\000n\000e\000n\000t\000e\000s}{}% 3
\BOOKMARK [1][-]{section.2.1}{\376\377\0002\000.\0001\000\040\000L\000i\000s\000t\000a\000\040\000d\000e\000\040\000C\000l\000a\000s\000s\000e\000s}{chapter.2}% 4
\BOOKMARK [0][-]{chapter.3}{\376\377\0003\000\040\000\315\000n\000d\000i\000c\000e\000\040\000d\000o\000s\000\040\000A\000r\000q\000u\000i\000v\000o\000s}{}% 5
\BOOKMARK [1][-]{section.3.1}{\376\377\0003\000.\0001\000\040\000L\000i\000s\000t\000a\000\040\000d\000e\000\040\000A\000r\000q\000u\000i\000v\000o\000s}{chapter.3}% 6
\BOOKMARK [0][-]{chapter.4}{\376\377\0004\000\040\000C\000l\000a\000s\000s\000e\000s}{}% 7
\BOOKMARK [1][-]{section.4.1}{\376\377\0004\000.\0001\000\040\000R\000e\000f\000e\000r\000\352\000n\000c\000i\000a\000\040\000d\000a\000\040\000C\000l\000a\000s\000s\000e\000\040\000B\000o\000a\000r\000d}{chapter.4}% 8
\BOOKMARK [2][-]{subsection.4.1.1}{\376\377\0004\000.\0001\000.\0001\000\040\000D\000e\000s\000c\000r\000i\000\347\000\343\000o\000\040\000d\000e\000t\000a\000l\000h\000a\000d\000a}{section.4.1}% 9
\BOOKMARK [2][-]{subsection.4.1.2}{\376\377\0004\000.\0001\000.\0002\000\040\000C\000o\000n\000s\000t\000r\000u\000t\000o\000r\000e\000s\000\040\000e\000\040\000D\000e\000s\000t\000r\000u\000t\000o\000r\000e\000s}{section.4.1}% 10
\BOOKMARK [3][-]{subsubsection.4.1.2.1}{\376\377\0004\000.\0001\000.\0002\000.\0001\000\040\000B\000o\000a\000r\000d\000\050\000\051}{subsection.4.1.2}% 11
\BOOKMARK [2][-]{subsection.4.1.3}{\376\377\0004\000.\0001\000.\0003\000\040\000D\000o\000c\000u\000m\000e\000n\000t\000a\000\347\000\343\000o\000\040\000d\000a\000s\000\040\000f\000u\000n\000\347\000\365\000e\000s}{section.4.1}% 12
\BOOKMARK [3][-]{subsubsection.4.1.3.1}{\376\377\0004\000.\0001\000.\0003\000.\0001\000\040\000g\000e\000t\000\137\000s\000p\000a\000c\000e\000\050\000\051}{subsection.4.1.3}% 13
\BOOKMARK [3][-]{subsubsection.4.1.3.2}{\376\377\0004\000.\0001\000.\0003\000.\0002\000\040\000i\000s\000\137\000m\000o\000v\000e\000\137\000i\000n\000s\000i\000d\000e\000\137\000b\000o\000a\000r\000d\000\050\000\051}{subsection.4.1.3}% 14
\BOOKMARK [3][-]{subsubsection.4.1.3.3}{\376\377\0004\000.\0001\000.\0003\000.\0003\000\040\000i\000s\000\137\000s\000p\000a\000c\000e\000\137\000f\000r\000e\000e\000\050\000\051}{subsection.4.1.3}% 15
\BOOKMARK [3][-]{subsubsection.4.1.3.4}{\376\377\0004\000.\0001\000.\0003\000.\0004\000\040\000p\000r\000i\000n\000t\000\137\000g\000a\000m\000e\000\137\000b\000o\000a\000r\000d\000\050\000\051}{subsection.4.1.3}% 16
\BOOKMARK [3][-]{subsubsection.4.1.3.5}{\376\377\0004\000.\0001\000.\0003\000.\0005\000\040\000s\000e\000t\000\137\000s\000p\000a\000c\000e\000\050\000\051}{subsection.4.1.3}% 17
\BOOKMARK [2][-]{subsection.4.1.4}{\376\377\0004\000.\0001\000.\0004\000\040\000A\000t\000r\000i\000b\000u\000t\000o\000s}{section.4.1}% 18
\BOOKMARK [3][-]{subsubsection.4.1.4.1}{\376\377\0004\000.\0001\000.\0004\000.\0001\000\040\000g\000a\000m\000e\000\137\000b\000o\000a\000r\000d}{subsection.4.1.4}% 19
\BOOKMARK [3][-]{subsubsection.4.1.4.2}{\376\377\0004\000.\0001\000.\0004\000.\0002\000\040\000n\000u\000m\000\137\000c\000o\000l\000u\000m\000n\000s}{subsection.4.1.4}% 20
\BOOKMARK [3][-]{subsubsection.4.1.4.3}{\376\377\0004\000.\0001\000.\0004\000.\0003\000\040\000n\000u\000m\000\137\000r\000o\000w\000s}{subsection.4.1.4}% 21
\BOOKMARK [1][-]{section.4.2}{\376\377\0004\000.\0002\000\040\000R\000e\000f\000e\000r\000\352\000n\000c\000i\000a\000\040\000d\000a\000\040\000C\000l\000a\000s\000s\000e\000\040\000C\000o\000n\000n\000e\000c\000t\0004}{chapter.4}% 22
\BOOKMARK [2][-]{subsection.4.2.1}{\376\377\0004\000.\0002\000.\0001\000\040\000D\000e\000s\000c\000r\000i\000\347\000\343\000o\000\040\000d\000e\000t\000a\000l\000h\000a\000d\000a}{section.4.2}% 23
\BOOKMARK [2][-]{subsection.4.2.2}{\376\377\0004\000.\0002\000.\0002\000\040\000C\000o\000n\000s\000t\000r\000u\000t\000o\000r\000e\000s\000\040\000e\000\040\000D\000e\000s\000t\000r\000u\000t\000o\000r\000e\000s}{section.4.2}% 24
\BOOKMARK [3][-]{subsubsection.4.2.2.1}{\376\377\0004\000.\0002\000.\0002\000.\0001\000\040\000C\000o\000n\000n\000e\000c\000t\0004\000\050\000\051}{subsection.4.2.2}% 25
\BOOKMARK [3][-]{subsubsection.4.2.2.2}{\376\377\0004\000.\0002\000.\0002\000.\0002\000\040\000~\000C\000o\000n\000n\000e\000c\000t\0004\000\050\000\051}{subsection.4.2.2}% 26
\BOOKMARK [2][-]{subsection.4.2.3}{\376\377\0004\000.\0002\000.\0003\000\040\000D\000o\000c\000u\000m\000e\000n\000t\000a\000\347\000\343\000o\000\040\000d\000a\000s\000\040\000f\000u\000n\000\347\000\365\000e\000s}{section.4.2}% 27
\BOOKMARK [3][-]{subsubsection.4.2.3.1}{\376\377\0004\000.\0002\000.\0003\000.\0001\000\040\000c\000h\000e\000c\000k\000\137\000w\000i\000n\000\050\000\051}{subsection.4.2.3}% 28
\BOOKMARK [3][-]{subsubsection.4.2.3.2}{\376\377\0004\000.\0002\000.\0003\000.\0002\000\040\000g\000e\000t\000\137\000c\000u\000r\000r\000e\000n\000t\000\137\000p\000l\000a\000y\000e\000r\000\050\000\051}{subsection.4.2.3}% 29
\BOOKMARK [3][-]{subsubsection.4.2.3.3}{\376\377\0004\000.\0002\000.\0003\000.\0003\000\040\000i\000s\000\137\000b\000o\000a\000r\000d\000\137\000f\000u\000l\000l\000\050\000\051}{subsection.4.2.3}% 30
\BOOKMARK [3][-]{subsubsection.4.2.3.4}{\376\377\0004\000.\0002\000.\0003\000.\0004\000\040\000i\000s\000\137\000v\000a\000l\000i\000d\000\137\000m\000o\000v\000e\000\050\000\051\000\040\000[\0001\000/\0002\000]}{subsection.4.2.3}% 31
\BOOKMARK [3][-]{subsubsection.4.2.3.5}{\376\377\0004\000.\0002\000.\0003\000.\0005\000\040\000i\000s\000\137\000v\000a\000l\000i\000d\000\137\000m\000o\000v\000e\000\050\000\051\000\040\000[\0002\000/\0002\000]}{subsection.4.2.3}% 32
\BOOKMARK [3][-]{subsubsection.4.2.3.6}{\376\377\0004\000.\0002\000.\0003\000.\0006\000\040\000m\000a\000k\000e\000\137\000m\000o\000v\000e\000\050\000\051\000\040\000[\0001\000/\0002\000]}{subsection.4.2.3}% 33
\BOOKMARK [3][-]{subsubsection.4.2.3.7}{\376\377\0004\000.\0002\000.\0003\000.\0007\000\040\000m\000a\000k\000e\000\137\000m\000o\000v\000e\000\050\000\051\000\040\000[\0002\000/\0002\000]}{subsection.4.2.3}% 34
\BOOKMARK [3][-]{subsubsection.4.2.3.8}{\376\377\0004\000.\0002\000.\0003\000.\0008\000\040\000p\000r\000i\000n\000t\000\137\000g\000a\000m\000e\000\137\000b\000o\000a\000r\000d\000\050\000\051}{subsection.4.2.3}% 35
\BOOKMARK [3][-]{subsubsection.4.2.3.9}{\376\377\0004\000.\0002\000.\0003\000.\0009\000\040\000s\000e\000t\000\137\000c\000u\000r\000r\000e\000n\000t\000\137\000p\000l\000a\000y\000e\000r\000\050\000\051}{subsection.4.2.3}% 36
\BOOKMARK [2][-]{subsection.4.2.4}{\376\377\0004\000.\0002\000.\0004\000\040\000A\000t\000r\000i\000b\000u\000t\000o\000s}{section.4.2}% 37
\BOOKMARK [3][-]{subsubsection.4.2.4.1}{\376\377\0004\000.\0002\000.\0004\000.\0001\000\040\000c\000u\000r\000r\000e\000n\000t\000\137\000p\000l\000a\000y\000e\000r}{subsection.4.2.4}% 38
\BOOKMARK [1][-]{section.4.3}{\376\377\0004\000.\0003\000\040\000R\000e\000f\000e\000r\000\352\000n\000c\000i\000a\000\040\000d\000a\000\040\000C\000l\000a\000s\000s\000e\000\040\000G\000a\000m\000e}{chapter.4}% 39
\BOOKMARK [2][-]{subsection.4.3.1}{\376\377\0004\000.\0003\000.\0001\000\040\000D\000e\000s\000c\000r\000i\000\347\000\343\000o\000\040\000d\000e\000t\000a\000l\000h\000a\000d\000a}{section.4.3}% 40
\BOOKMARK [2][-]{subsection.4.3.2}{\376\377\0004\000.\0003\000.\0002\000\040\000C\000o\000n\000s\000t\000r\000u\000t\000o\000r\000e\000s\000\040\000e\000\040\000D\000e\000s\000t\000r\000u\000t\000o\000r\000e\000s}{section.4.3}% 41
\BOOKMARK [3][-]{subsubsection.4.3.2.1}{\376\377\0004\000.\0003\000.\0002\000.\0001\000\040\000G\000a\000m\000e\000\050\000\051}{subsection.4.3.2}% 42
\BOOKMARK [3][-]{subsubsection.4.3.2.2}{\376\377\0004\000.\0003\000.\0002\000.\0002\000\040\000~\000G\000a\000m\000e\000\050\000\051}{subsection.4.3.2}% 43
\BOOKMARK [2][-]{subsection.4.3.3}{\376\377\0004\000.\0003\000.\0003\000\040\000D\000o\000c\000u\000m\000e\000n\000t\000a\000\347\000\343\000o\000\040\000d\000a\000s\000\040\000f\000u\000n\000\347\000\365\000e\000s}{section.4.3}% 44
\BOOKMARK [3][-]{subsubsection.4.3.3.1}{\376\377\0004\000.\0003\000.\0003\000.\0001\000\040\000c\000h\000e\000c\000k\000\137\000w\000i\000n\000\050\000\051}{subsection.4.3.3}% 45
\BOOKMARK [3][-]{subsubsection.4.3.3.2}{\376\377\0004\000.\0003\000.\0003\000.\0002\000\040\000i\000s\000\137\000v\000a\000l\000i\000d\000\137\000m\000o\000v\000e\000\050\000\051}{subsection.4.3.3}% 46
\BOOKMARK [3][-]{subsubsection.4.3.3.3}{\376\377\0004\000.\0003\000.\0003\000.\0003\000\040\000m\000a\000k\000e\000\137\000m\000o\000v\000e\000\050\000\051}{subsection.4.3.3}% 47
\BOOKMARK [3][-]{subsubsection.4.3.3.4}{\376\377\0004\000.\0003\000.\0003\000.\0004\000\040\000s\000w\000i\000t\000c\000h\000\137\000p\000l\000a\000y\000e\000r\000s\000\050\000\051}{subsection.4.3.3}% 48
\BOOKMARK [2][-]{subsection.4.3.4}{\376\377\0004\000.\0003\000.\0004\000\040\000A\000t\000r\000i\000b\000u\000t\000o\000s}{section.4.3}% 49
\BOOKMARK [3][-]{subsubsection.4.3.4.1}{\376\377\0004\000.\0003\000.\0004\000.\0001\000\040\000g\000a\000m\000e\000\137\000b\000o\000a\000r\000d}{subsection.4.3.4}% 50
\BOOKMARK [1][-]{section.4.4}{\376\377\0004\000.\0004\000\040\000R\000e\000f\000e\000r\000\352\000n\000c\000i\000a\000\040\000d\000a\000\040\000C\000l\000a\000s\000s\000e\000\040\000P\000l\000a\000y\000e\000r}{chapter.4}% 51
\BOOKMARK [2][-]{subsection.4.4.1}{\376\377\0004\000.\0004\000.\0001\000\040\000D\000e\000s\000c\000r\000i\000\347\000\343\000o\000\040\000d\000e\000t\000a\000l\000h\000a\000d\000a}{section.4.4}% 52
\BOOKMARK [2][-]{subsection.4.4.2}{\376\377\0004\000.\0004\000.\0002\000\040\000C\000o\000n\000s\000t\000r\000u\000t\000o\000r\000e\000s\000\040\000e\000\040\000D\000e\000s\000t\000r\000u\000t\000o\000r\000e\000s}{section.4.4}% 53
\BOOKMARK [3][-]{subsubsection.4.4.2.1}{\376\377\0004\000.\0004\000.\0002\000.\0001\000\040\000P\000l\000a\000y\000e\000r\000\050\000\051\000\040\000[\0001\000/\0003\000]}{subsection.4.4.2}% 54
\BOOKMARK [3][-]{subsubsection.4.4.2.2}{\376\377\0004\000.\0004\000.\0002\000.\0002\000\040\000P\000l\000a\000y\000e\000r\000\050\000\051\000\040\000[\0002\000/\0003\000]}{subsection.4.4.2}% 55
\BOOKMARK [3][-]{subsubsection.4.4.2.3}{\376\377\0004\000.\0004\000.\0002\000.\0003\000\040\000P\000l\000a\000y\000e\000r\000\050\000\051\000\040\000[\0003\000/\0003\000]}{subsection.4.4.2}% 56
\BOOKMARK [2][-]{subsection.4.4.3}{\376\377\0004\000.\0004\000.\0003\000\040\000D\000o\000c\000u\000m\000e\000n\000t\000a\000\347\000\343\000o\000\040\000d\000a\000s\000\040\000f\000u\000n\000\347\000\365\000e\000s}{section.4.4}% 57
\BOOKMARK [3][-]{subsubsection.4.4.3.1}{\376\377\0004\000.\0004\000.\0003\000.\0001\000\040\000a\000d\000d\000\137\000l\000o\000s\000s\000\050\000\051}{subsection.4.4.3}% 58
\BOOKMARK [3][-]{subsubsection.4.4.3.2}{\376\377\0004\000.\0004\000.\0003\000.\0002\000\040\000a\000d\000d\000\137\000w\000i\000n\000\050\000\051}{subsection.4.4.3}% 59
\BOOKMARK [3][-]{subsubsection.4.4.3.3}{\376\377\0004\000.\0004\000.\0003\000.\0003\000\040\000c\000o\000m\000p\000a\000r\000e\000\137\000n\000a\000m\000e\000\050\000\051}{subsection.4.4.3}% 60
\BOOKMARK [3][-]{subsubsection.4.4.3.4}{\376\377\0004\000.\0004\000.\0003\000.\0004\000\040\000c\000o\000m\000p\000a\000r\000e\000\137\000u\000s\000e\000r\000n\000a\000m\000e\000\050\000\051}{subsection.4.4.3}% 61
\BOOKMARK [3][-]{subsubsection.4.4.3.5}{\376\377\0004\000.\0004\000.\0003\000.\0005\000\040\000g\000e\000t\000\137\000n\000a\000m\000e\000\050\000\051}{subsection.4.4.3}% 62
\BOOKMARK [3][-]{subsubsection.4.4.3.6}{\376\377\0004\000.\0004\000.\0003\000.\0006\000\040\000g\000e\000t\000\137\000n\000u\000m\000\137\000l\000o\000s\000s\000\050\000\051}{subsection.4.4.3}% 63
\BOOKMARK [3][-]{subsubsection.4.4.3.7}{\376\377\0004\000.\0004\000.\0003\000.\0007\000\040\000g\000e\000t\000\137\000n\000u\000m\000\137\000w\000i\000n\000\050\000\051}{subsection.4.4.3}% 64
\BOOKMARK [3][-]{subsubsection.4.4.3.8}{\376\377\0004\000.\0004\000.\0003\000.\0008\000\040\000g\000e\000t\000\137\000u\000s\000e\000r\000n\000a\000m\000e\000\050\000\051}{subsection.4.4.3}% 65
\BOOKMARK [3][-]{subsubsection.4.4.3.9}{\376\377\0004\000.\0004\000.\0003\000.\0009\000\040\000p\000r\000i\000n\000t\000\137\000p\000l\000a\000y\000e\000r\000\050\000\051}{subsection.4.4.3}% 66
\BOOKMARK [3][-]{subsubsection.4.4.3.10}{\376\377\0004\000.\0004\000.\0003\000.\0001\0000\000\040\000r\000e\000g\000i\000s\000t\000e\000r\000\137\000p\000l\000a\000y\000e\000r\000\050\000\051}{subsection.4.4.3}% 67
\BOOKMARK [3][-]{subsubsection.4.4.3.11}{\376\377\0004\000.\0004\000.\0003\000.\0001\0001\000\040\000r\000e\000m\000o\000v\000e\000\137\000p\000l\000a\000y\000e\000r\000\050\000\051}{subsection.4.4.3}% 68
\BOOKMARK [3][-]{subsubsection.4.4.3.12}{\376\377\0004\000.\0004\000.\0003\000.\0001\0002\000\040\000s\000e\000t\000\137\000n\000a\000m\000e\000\050\000\051}{subsection.4.4.3}% 69
\BOOKMARK [3][-]{subsubsection.4.4.3.13}{\376\377\0004\000.\0004\000.\0003\000.\0001\0003\000\040\000s\000e\000t\000\137\000n\000u\000m\000\137\000l\000o\000s\000s\000\050\000\051}{subsection.4.4.3}% 70
\BOOKMARK [3][-]{subsubsection.4.4.3.14}{\376\377\0004\000.\0004\000.\0003\000.\0001\0004\000\040\000s\000e\000t\000\137\000n\000u\000m\000\137\000w\000i\000n\000\050\000\051}{subsection.4.4.3}% 71
\BOOKMARK [3][-]{subsubsection.4.4.3.15}{\376\377\0004\000.\0004\000.\0003\000.\0001\0005\000\040\000s\000e\000t\000\137\000u\000s\000e\000r\000n\000a\000m\000e\000\050\000\051}{subsection.4.4.3}% 72
\BOOKMARK [2][-]{subsection.4.4.4}{\376\377\0004\000.\0004\000.\0004\000\040\000A\000t\000r\000i\000b\000u\000t\000o\000s}{section.4.4}% 73
\BOOKMARK [3][-]{subsubsection.4.4.4.1}{\376\377\0004\000.\0004\000.\0004\000.\0001\000\040\000n\000a\000m\000e}{subsection.4.4.4}% 74
\BOOKMARK [3][-]{subsubsection.4.4.4.2}{\376\377\0004\000.\0004\000.\0004\000.\0002\000\040\000n\000u\000m\000\137\000l\000o\000s\000s}{subsection.4.4.4}% 75
\BOOKMARK [3][-]{subsubsection.4.4.4.3}{\376\377\0004\000.\0004\000.\0004\000.\0003\000\040\000n\000u\000m\000\137\000w\000i\000n}{subsection.4.4.4}% 76
\BOOKMARK [3][-]{subsubsection.4.4.4.4}{\376\377\0004\000.\0004\000.\0004\000.\0004\000\040\000u\000s\000e\000r\000n\000a\000m\000e}{subsection.4.4.4}% 77
\BOOKMARK [1][-]{section.4.5}{\376\377\0004\000.\0005\000\040\000R\000e\000f\000e\000r\000\352\000n\000c\000i\000a\000\040\000d\000a\000\040\000C\000l\000a\000s\000s\000e\000\040\000R\000e\000v\000e\000r\000s\000i}{chapter.4}% 78
\BOOKMARK [2][-]{subsection.4.5.1}{\376\377\0004\000.\0005\000.\0001\000\040\000D\000e\000s\000c\000r\000i\000\347\000\343\000o\000\040\000d\000e\000t\000a\000l\000h\000a\000d\000a}{section.4.5}% 79
\BOOKMARK [2][-]{subsection.4.5.2}{\376\377\0004\000.\0005\000.\0002\000\040\000C\000o\000n\000s\000t\000r\000u\000t\000o\000r\000e\000s\000\040\000e\000\040\000D\000e\000s\000t\000r\000u\000t\000o\000r\000e\000s}{section.4.5}% 80
\BOOKMARK [3][-]{subsubsection.4.5.2.1}{\376\377\0004\000.\0005\000.\0002\000.\0001\000\040\000R\000e\000v\000e\000r\000s\000i\000\050\000\051}{subsection.4.5.2}% 81
\BOOKMARK [3][-]{subsubsection.4.5.2.2}{\376\377\0004\000.\0005\000.\0002\000.\0002\000\040\000~\000R\000e\000v\000e\000r\000s\000i\000\050\000\051}{subsection.4.5.2}% 82
\BOOKMARK [2][-]{subsection.4.5.3}{\376\377\0004\000.\0005\000.\0003\000\040\000D\000o\000c\000u\000m\000e\000n\000t\000a\000\347\000\343\000o\000\040\000d\000a\000s\000\040\000f\000u\000n\000\347\000\365\000e\000s}{section.4.5}% 83
\BOOKMARK [3][-]{subsubsection.4.5.3.1}{\376\377\0004\000.\0005\000.\0003\000.\0001\000\040\000c\000h\000e\000c\000k\000\137\000w\000i\000n\000\050\000\051\000\040\000[\0001\000/\0002\000]}{subsection.4.5.3}% 84
\BOOKMARK [3][-]{subsubsection.4.5.3.2}{\376\377\0004\000.\0005\000.\0003\000.\0002\000\040\000c\000h\000e\000c\000k\000\137\000w\000i\000n\000\050\000\051\000\040\000[\0002\000/\0002\000]}{subsection.4.5.3}% 85
\BOOKMARK [3][-]{subsubsection.4.5.3.3}{\376\377\0004\000.\0005\000.\0003\000.\0003\000\040\000c\000o\000n\000t\000r\000o\000l\000\137\000n\000u\000m\000\137\000p\000i\000e\000c\000e\000s\000\137\000p\000l\000a\000y\000e\000r\000s\000\050\000\051}{subsection.4.5.3}% 86
\BOOKMARK [3][-]{subsubsection.4.5.3.4}{\376\377\0004\000.\0005\000.\0003\000.\0004\000\040\000f\000i\000n\000d\000\137\000a\000l\000l\000\137\000d\000i\000r\000e\000c\000t\000i\000o\000n\000s\000\137\000t\000o\000\137\000m\000a\000k\000e\000\137\000m\000o\000v\000e\000\050\000\051}{subsection.4.5.3}% 87
\BOOKMARK [3][-]{subsubsection.4.5.3.5}{\376\377\0004\000.\0005\000.\0003\000.\0005\000\040\000f\000l\000i\000p\000\137\000p\000i\000e\000c\000e\000s\000\050\000\051}{subsection.4.5.3}% 88
\BOOKMARK [3][-]{subsubsection.4.5.3.6}{\376\377\0004\000.\0005\000.\0003\000.\0006\000\040\000g\000e\000t\000\137\000n\000u\000m\000\137\000p\000i\000e\000c\000e\000s\000\137\000p\000l\000a\000y\000e\000r\000\137\000O\000\050\000\051}{subsection.4.5.3}% 89
\BOOKMARK [3][-]{subsubsection.4.5.3.7}{\376\377\0004\000.\0005\000.\0003\000.\0007\000\040\000g\000e\000t\000\137\000n\000u\000m\000\137\000p\000i\000e\000c\000e\000s\000\137\000p\000l\000a\000y\000e\000r\000\137\000X\000\050\000\051}{subsection.4.5.3}% 90
\BOOKMARK [3][-]{subsubsection.4.5.3.8}{\376\377\0004\000.\0005\000.\0003\000.\0008\000\040\000i\000n\000d\000i\000c\000a\000t\000e\000\137\000a\000l\000l\000\137\000d\000i\000r\000e\000c\000t\000i\000o\000n\000\137\000t\000o\000\137\000m\000a\000k\000e\000\137\000m\000o\000v\000e\000\050\000\051}{subsection.4.5.3}% 91
\BOOKMARK [3][-]{subsubsection.4.5.3.9}{\376\377\0004\000.\0005\000.\0003\000.\0009\000\040\000i\000s\000\137\000s\000p\000a\000c\000e\000\137\000f\000r\000e\000e\000\137\000r\000e\000v\000e\000r\000s\000i\000\050\000\051}{subsection.4.5.3}% 92
\BOOKMARK [3][-]{subsubsection.4.5.3.10}{\376\377\0004\000.\0005\000.\0003\000.\0001\0000\000\040\000i\000s\000\137\000t\000h\000e\000r\000e\000\137\000d\000i\000r\000e\000c\000t\000i\000o\000n\000\137\000t\000h\000a\000t\000\137\000c\000a\000p\000t\000u\000r\000e\000s\000\137\000o\000p\000p\000o\000n\000e\000n\000t\000\050\000\051}{subsection.4.5.3}% 93
\BOOKMARK [3][-]{subsubsection.4.5.3.11}{\376\377\0004\000.\0005\000.\0003\000.\0001\0001\000\040\000i\000s\000\137\000t\000h\000e\000r\000e\000\137\000p\000l\000a\000y\000e\000r\000\137\000p\000i\000e\000c\000e\000\137\000a\000t\000\137\000t\000h\000e\000\137\000d\000i\000r\000e\000c\000t\000i\000o\000n\000\050\000\051}{subsection.4.5.3}% 94
\BOOKMARK [3][-]{subsubsection.4.5.3.12}{\376\377\0004\000.\0005\000.\0003\000.\0001\0002\000\040\000i\000s\000\137\000t\000h\000e\000r\000e\000\137\000v\000a\000l\000i\000d\000\137\000m\000o\000v\000e\000\137\000f\000o\000r\000\137\000p\000l\000a\000y\000e\000r\000\050\000\051}{subsection.4.5.3}% 95
\BOOKMARK [3][-]{subsubsection.4.5.3.13}{\376\377\0004\000.\0005\000.\0003\000.\0001\0003\000\040\000i\000s\000\137\000v\000a\000l\000i\000d\000\137\000m\000o\000v\000e\000\050\000\051\000\040\000[\0001\000/\0002\000]}{subsection.4.5.3}% 96
\BOOKMARK [3][-]{subsubsection.4.5.3.14}{\376\377\0004\000.\0005\000.\0003\000.\0001\0004\000\040\000i\000s\000\137\000v\000a\000l\000i\000d\000\137\000m\000o\000v\000e\000\050\000\051\000\040\000[\0002\000/\0002\000]}{subsection.4.5.3}% 97
\BOOKMARK [3][-]{subsubsection.4.5.3.15}{\376\377\0004\000.\0005\000.\0003\000.\0001\0005\000\040\000m\000a\000k\000e\000\137\000m\000o\000v\000e\000\050\000\051\000\040\000[\0001\000/\0002\000]}{subsection.4.5.3}% 98
\BOOKMARK [3][-]{subsubsection.4.5.3.16}{\376\377\0004\000.\0005\000.\0003\000.\0001\0006\000\040\000m\000a\000k\000e\000\137\000m\000o\000v\000e\000\050\000\051\000\040\000[\0002\000/\0002\000]}{subsection.4.5.3}% 99
\BOOKMARK [3][-]{subsubsection.4.5.3.17}{\376\377\0004\000.\0005\000.\0003\000.\0001\0007\000\040\000p\000r\000i\000n\000t\000\137\000r\000e\000v\000e\000r\000s\000i\000\137\000b\000o\000a\000r\000d\000\050\000\051}{subsection.4.5.3}% 100
\BOOKMARK [3][-]{subsubsection.4.5.3.18}{\376\377\0004\000.\0005\000.\0003\000.\0001\0008\000\040\000p\000r\000o\000c\000e\000s\000s\000\137\000m\000o\000v\000e\000\050\000\051}{subsection.4.5.3}% 101
\BOOKMARK [3][-]{subsubsection.4.5.3.19}{\376\377\0004\000.\0005\000.\0003\000.\0001\0009\000\040\000r\000e\000g\000i\000s\000t\000e\000r\000\137\000w\000i\000n\000\137\000a\000n\000d\000\137\000l\000o\000s\000s\000\050\000\051}{subsection.4.5.3}% 102
\BOOKMARK [3][-]{subsubsection.4.5.3.20}{\376\377\0004\000.\0005\000.\0003\000.\0002\0000\000\040\000s\000t\000a\000r\000t\000\137\000r\000e\000v\000e\000r\000s\000i\000\137\000b\000o\000a\000r\000d\000\050\000\051}{subsection.4.5.3}% 103
\BOOKMARK [2][-]{subsection.4.5.4}{\376\377\0004\000.\0005\000.\0004\000\040\000A\000t\000r\000i\000b\000u\000t\000o\000s}{section.4.5}% 104
\BOOKMARK [3][-]{subsubsection.4.5.4.1}{\376\377\0004\000.\0005\000.\0004\000.\0001\000\040\000n\000u\000m\000\137\000p\000i\000e\000c\000e\000s\000\137\000p\000l\000a\000y\000e\000r\000\137\000O}{subsection.4.5.4}% 105
\BOOKMARK [3][-]{subsubsection.4.5.4.2}{\376\377\0004\000.\0005\000.\0004\000.\0002\000\040\000n\000u\000m\000\137\000p\000i\000e\000c\000e\000s\000\137\000p\000l\000a\000y\000e\000r\000\137\000X}{subsection.4.5.4}% 106
\BOOKMARK [1][-]{section.4.6}{\376\377\0004\000.\0006\000\040\000R\000e\000f\000e\000r\000\352\000n\000c\000i\000a\000\040\000d\000a\000\040\000C\000l\000a\000s\000s\000e\000\040\000T\000i\000c\000\137\000t\000a\000c\000\137\000t\000o\000e}{chapter.4}% 107
\BOOKMARK [2][-]{subsection.4.6.1}{\376\377\0004\000.\0006\000.\0001\000\040\000D\000e\000s\000c\000r\000i\000\347\000\343\000o\000\040\000d\000e\000t\000a\000l\000h\000a\000d\000a}{section.4.6}% 108
\BOOKMARK [2][-]{subsection.4.6.2}{\376\377\0004\000.\0006\000.\0002\000\040\000C\000o\000n\000s\000t\000r\000u\000t\000o\000r\000e\000s\000\040\000e\000\040\000D\000e\000s\000t\000r\000u\000t\000o\000r\000e\000s}{section.4.6}% 109
\BOOKMARK [3][-]{subsubsection.4.6.2.1}{\376\377\0004\000.\0006\000.\0002\000.\0001\000\040\000T\000i\000c\000\137\000t\000a\000c\000\137\000t\000o\000e\000\050\000\051}{subsection.4.6.2}% 110
\BOOKMARK [3][-]{subsubsection.4.6.2.2}{\376\377\0004\000.\0006\000.\0002\000.\0002\000\040\000~\000T\000i\000c\000\137\000t\000a\000c\000\137\000t\000o\000e\000\050\000\051}{subsection.4.6.2}% 111
\BOOKMARK [2][-]{subsection.4.6.3}{\376\377\0004\000.\0006\000.\0003\000\040\000D\000o\000c\000u\000m\000e\000n\000t\000a\000\347\000\343\000o\000\040\000d\000a\000s\000\040\000f\000u\000n\000\347\000\365\000e\000s}{section.4.6}% 112
\BOOKMARK [3][-]{subsubsection.4.6.3.1}{\376\377\0004\000.\0006\000.\0003\000.\0001\000\040\000c\000h\000e\000c\000k\000\137\000t\000i\000c\000\137\000t\000a\000c\000\137\000t\000o\000e\000\137\000w\000i\000n\000\050\000\051}{subsection.4.6.3}% 113
\BOOKMARK [3][-]{subsubsection.4.6.3.2}{\376\377\0004\000.\0006\000.\0003\000.\0002\000\040\000c\000h\000e\000c\000k\000\137\000t\000i\000e\000\050\000\051}{subsection.4.6.3}% 114
\BOOKMARK [3][-]{subsubsection.4.6.3.3}{\376\377\0004\000.\0006\000.\0003\000.\0003\000\040\000c\000h\000e\000c\000k\000\137\000w\000i\000n\000\050\000\051}{subsection.4.6.3}% 115
\BOOKMARK [3][-]{subsubsection.4.6.3.4}{\376\377\0004\000.\0006\000.\0003\000.\0004\000\040\000g\000e\000t\000\137\000c\000u\000r\000r\000e\000n\000t\000\137\000p\000l\000a\000y\000e\000r\000\050\000\051}{subsection.4.6.3}% 116
\BOOKMARK [3][-]{subsubsection.4.6.3.5}{\376\377\0004\000.\0006\000.\0003\000.\0005\000\040\000i\000s\000\137\000v\000a\000l\000i\000d\000\137\000m\000o\000v\000e\000\050\000\051\000\040\000[\0001\000/\0002\000]}{subsection.4.6.3}% 117
\BOOKMARK [3][-]{subsubsection.4.6.3.6}{\376\377\0004\000.\0006\000.\0003\000.\0006\000\040\000i\000s\000\137\000v\000a\000l\000i\000d\000\137\000m\000o\000v\000e\000\050\000\051\000\040\000[\0002\000/\0002\000]}{subsection.4.6.3}% 118
\BOOKMARK [3][-]{subsubsection.4.6.3.7}{\376\377\0004\000.\0006\000.\0003\000.\0007\000\040\000m\000a\000k\000e\000\137\000m\000o\000v\000e\000\050\000\051\000\040\000[\0001\000/\0002\000]}{subsection.4.6.3}% 119
\BOOKMARK [3][-]{subsubsection.4.6.3.8}{\376\377\0004\000.\0006\000.\0003\000.\0008\000\040\000m\000a\000k\000e\000\137\000m\000o\000v\000e\000\050\000\051\000\040\000[\0002\000/\0002\000]}{subsection.4.6.3}% 120
\BOOKMARK [3][-]{subsubsection.4.6.3.9}{\376\377\0004\000.\0006\000.\0003\000.\0009\000\040\000p\000r\000i\000n\000t\000\137\000t\000i\000c\000\137\000t\000a\000c\000\137\000t\000o\000e\000\137\000b\000o\000a\000r\000d\000\050\000\051}{subsection.4.6.3}% 121
\BOOKMARK [2][-]{subsection.4.6.4}{\376\377\0004\000.\0006\000.\0004\000\040\000A\000t\000r\000i\000b\000u\000t\000o\000s}{section.4.6}% 122
\BOOKMARK [3][-]{subsubsection.4.6.4.1}{\376\377\0004\000.\0006\000.\0004\000.\0001\000\040\000c\000u\000r\000r\000e\000n\000t\000\137\000p\000l\000a\000y\000e\000r}{subsection.4.6.4}% 123
\BOOKMARK [3][-]{subsubsection.4.6.4.2}{\376\377\0004\000.\0006\000.\0004\000.\0002\000\040\000w\000i\000n\000n\000e\000r}{subsection.4.6.4}% 124
\BOOKMARK [0][-]{chapter.5}{\376\377\0005\000\040\000A\000r\000q\000u\000i\000v\000o\000s}{}% 125
\BOOKMARK [1][-]{section.5.1}{\376\377\0005\000.\0001\000\040\000R\000e\000f\000e\000r\000\352\000n\000c\000i\000a\000\040\000d\000o\000\040\000A\000r\000q\000u\000i\000v\000o\000\040\000i\000n\000c\000l\000u\000d\000e\000/\000B\000o\000a\000r\000d\000.\000h\000p\000p}{chapter.5}% 126
\BOOKMARK [2][-]{subsection.5.1.1}{\376\377\0005\000.\0001\000.\0001\000\040\000D\000e\000s\000c\000r\000i\000\347\000\343\000o\000\040\000d\000e\000t\000a\000l\000h\000a\000d\000a}{section.5.1}% 127
\BOOKMARK [1][-]{section.5.2}{\376\377\0005\000.\0002\000\040\000B\000o\000a\000r\000d\000.\000h\000p\000p}{chapter.5}% 128
\BOOKMARK [1][-]{section.5.3}{\376\377\0005\000.\0003\000\040\000R\000e\000f\000e\000r\000\352\000n\000c\000i\000a\000\040\000d\000o\000\040\000A\000r\000q\000u\000i\000v\000o\000\040\000i\000n\000c\000l\000u\000d\000e\000/\000C\000o\000n\000n\000e\000c\000t\0004\000.\000h\000p\000p}{chapter.5}% 129
\BOOKMARK [2][-]{subsection.5.3.1}{\376\377\0005\000.\0003\000.\0001\000\040\000D\000e\000s\000c\000r\000i\000\347\000\343\000o\000\040\000d\000e\000t\000a\000l\000h\000a\000d\000a}{section.5.3}% 130
\BOOKMARK [1][-]{section.5.4}{\376\377\0005\000.\0004\000\040\000C\000o\000n\000n\000e\000c\000t\0004\000.\000h\000p\000p}{chapter.5}% 131
\BOOKMARK [1][-]{section.5.5}{\376\377\0005\000.\0005\000\040\000R\000e\000f\000e\000r\000\352\000n\000c\000i\000a\000\040\000d\000o\000\040\000A\000r\000q\000u\000i\000v\000o\000\040\000i\000n\000c\000l\000u\000d\000e\000/\000G\000a\000m\000e\000.\000h\000p\000p}{chapter.5}% 132
\BOOKMARK [2][-]{subsection.5.5.1}{\376\377\0005\000.\0005\000.\0001\000\040\000D\000e\000s\000c\000r\000i\000\347\000\343\000o\000\040\000d\000e\000t\000a\000l\000h\000a\000d\000a}{section.5.5}% 133
\BOOKMARK [1][-]{section.5.6}{\376\377\0005\000.\0006\000\040\000G\000a\000m\000e\000.\000h\000p\000p}{chapter.5}% 134
\BOOKMARK [1][-]{section.5.7}{\376\377\0005\000.\0007\000\040\000R\000e\000f\000e\000r\000\352\000n\000c\000i\000a\000\040\000d\000o\000\040\000A\000r\000q\000u\000i\000v\000o\000\040\000i\000n\000c\000l\000u\000d\000e\000/\000P\000l\000a\000y\000e\000r\000.\000h\000p\000p}{chapter.5}% 135
\BOOKMARK [2][-]{subsection.5.7.1}{\376\377\0005\000.\0007\000.\0001\000\040\000D\000e\000s\000c\000r\000i\000\347\000\343\000o\000\040\000d\000e\000t\000a\000l\000h\000a\000d\000a}{section.5.7}% 136
\BOOKMARK [2][-]{subsection.5.7.2}{\376\377\0005\000.\0007\000.\0002\000\040\000F\000u\000n\000\347\000\365\000e\000s}{section.5.7}% 137
\BOOKMARK [3][-]{subsubsection.5.7.2.1}{\376\377\0005\000.\0007\000.\0002\000.\0001\000\040\000r\000e\000a\000d\000\137\000r\000e\000g\000i\000s\000t\000e\000r\000\137\000f\000i\000l\000e\000\050\000\051}{subsection.5.7.2}% 138
\BOOKMARK [3][-]{subsubsection.5.7.2.2}{\376\377\0005\000.\0007\000.\0002\000.\0002\000\040\000w\000r\000i\000t\000e\000\137\000r\000e\000g\000i\000s\000t\000e\000r\000\137\000f\000i\000l\000e\000\050\000\051}{subsection.5.7.2}% 139
\BOOKMARK [1][-]{section.5.8}{\376\377\0005\000.\0008\000\040\000P\000l\000a\000y\000e\000r\000.\000h\000p\000p}{chapter.5}% 140
\BOOKMARK [1][-]{section.5.9}{\376\377\0005\000.\0009\000\040\000R\000e\000f\000e\000r\000\352\000n\000c\000i\000a\000\040\000d\000o\000\040\000A\000r\000q\000u\000i\000v\000o\000\040\000i\000n\000c\000l\000u\000d\000e\000/\000R\000e\000v\000e\000r\000s\000i\000.\000h\000p\000p}{chapter.5}% 141
\BOOKMARK [2][-]{subsection.5.9.1}{\376\377\0005\000.\0009\000.\0001\000\040\000D\000e\000s\000c\000r\000i\000\347\000\343\000o\000\040\000d\000e\000t\000a\000l\000h\000a\000d\000a}{section.5.9}% 142
\BOOKMARK [1][-]{section.5.10}{\376\377\0005\000.\0001\0000\000\040\000R\000e\000v\000e\000r\000s\000i\000.\000h\000p\000p}{chapter.5}% 143
\BOOKMARK [1][-]{section.5.11}{\376\377\0005\000.\0001\0001\000\040\000R\000e\000f\000e\000r\000\352\000n\000c\000i\000a\000\040\000d\000o\000\040\000A\000r\000q\000u\000i\000v\000o\000\040\000i\000n\000c\000l\000u\000d\000e\000/\000T\000i\000c\000\137\000t\000a\000c\000\137\000t\000o\000e\000.\000h\000p\000p}{chapter.5}% 144
\BOOKMARK [2][-]{subsection.5.11.1}{\376\377\0005\000.\0001\0001\000.\0001\000\040\000D\000e\000s\000c\000r\000i\000\347\000\343\000o\000\040\000d\000e\000t\000a\000l\000h\000a\000d\000a}{section.5.11}% 145
\BOOKMARK [1][-]{section.5.12}{\376\377\0005\000.\0001\0002\000\040\000T\000i\000c\000\137\000t\000a\000c\000\137\000t\000o\000e\000.\000h\000p\000p}{chapter.5}% 146
\BOOKMARK [1][-]{section.5.13}{\376\377\0005\000.\0001\0003\000\040\000R\000e\000f\000e\000r\000\352\000n\000c\000i\000a\000\040\000d\000o\000\040\000A\000r\000q\000u\000i\000v\000o\000\040\000s\000r\000c\000/\000B\000o\000a\000r\000d\000.\000c\000p\000p}{chapter.5}% 147
\BOOKMARK [1][-]{section.5.14}{\376\377\0005\000.\0001\0004\000\040\000B\000o\000a\000r\000d\000.\000c\000p\000p}{chapter.5}% 148
\BOOKMARK [1][-]{section.5.15}{\376\377\0005\000.\0001\0005\000\040\000R\000e\000f\000e\000r\000\352\000n\000c\000i\000a\000\040\000d\000o\000\040\000A\000r\000q\000u\000i\000v\000o\000\040\000s\000r\000c\000/\000C\000o\000n\000n\000e\000c\000t\0004\000.\000c\000p\000p}{chapter.5}% 149
\BOOKMARK [1][-]{section.5.16}{\376\377\0005\000.\0001\0006\000\040\000C\000o\000n\000n\000e\000c\000t\0004\000.\000c\000p\000p}{chapter.5}% 150
\BOOKMARK [1][-]{section.5.17}{\376\377\0005\000.\0001\0007\000\040\000R\000e\000f\000e\000r\000\352\000n\000c\000i\000a\000\040\000d\000o\000\040\000A\000r\000q\000u\000i\000v\000o\000\040\000s\000r\000c\000/\000G\000a\000m\000e\000.\000c\000p\000p}{chapter.5}% 151
\BOOKMARK [1][-]{section.5.18}{\376\377\0005\000.\0001\0008\000\040\000G\000a\000m\000e\000.\000c\000p\000p}{chapter.5}% 152
\BOOKMARK [1][-]{section.5.19}{\376\377\0005\000.\0001\0009\000\040\000R\000e\000f\000e\000r\000\352\000n\000c\000i\000a\000\040\000d\000o\000\040\000A\000r\000q\000u\000i\000v\000o\000\040\000s\000r\000c\000/\000m\000a\000i\000n\000.\000c\000p\000p}{chapter.5}% 153
\BOOKMARK [2][-]{subsection.5.19.1}{\376\377\0005\000.\0001\0009\000.\0001\000\040\000F\000u\000n\000\347\000\365\000e\000s}{section.5.19}% 154
\BOOKMARK [3][-]{subsubsection.5.19.1.1}{\376\377\0005\000.\0001\0009\000.\0001\000.\0001\000\040\000f\000i\000n\000d\000\137\000p\000l\000a\000y\000e\000r\000\137\000i\000n\000\137\000l\000i\000s\000t\000\050\000\051}{subsection.5.19.1}% 155
\BOOKMARK [3][-]{subsubsection.5.19.1.2}{\376\377\0005\000.\0001\0009\000.\0001\000.\0002\000\040\000m\000a\000i\000n\000\050\000\051}{subsection.5.19.1}% 156
\BOOKMARK [1][-]{section.5.20}{\376\377\0005\000.\0002\0000\000\040\000m\000a\000i\000n\000.\000c\000p\000p}{chapter.5}% 157
\BOOKMARK [1][-]{section.5.21}{\376\377\0005\000.\0002\0001\000\040\000R\000e\000f\000e\000r\000\352\000n\000c\000i\000a\000\040\000d\000o\000\040\000A\000r\000q\000u\000i\000v\000o\000\040\000s\000r\000c\000/\000P\000l\000a\000y\000e\000r\000.\000c\000p\000p}{chapter.5}% 158
\BOOKMARK [2][-]{subsection.5.21.1}{\376\377\0005\000.\0002\0001\000.\0001\000\040\000F\000u\000n\000\347\000\365\000e\000s}{section.5.21}% 159
\BOOKMARK [3][-]{subsubsection.5.21.1.1}{\376\377\0005\000.\0002\0001\000.\0001\000.\0001\000\040\000r\000e\000a\000d\000\137\000r\000e\000g\000i\000s\000t\000e\000r\000\137\000f\000i\000l\000e\000\050\000\051}{subsection.5.21.1}% 160
\BOOKMARK [3][-]{subsubsection.5.21.1.2}{\376\377\0005\000.\0002\0001\000.\0001\000.\0002\000\040\000w\000r\000i\000t\000e\000\137\000r\000e\000g\000i\000s\000t\000e\000r\000\137\000f\000i\000l\000e\000\050\000\051}{subsection.5.21.1}% 161
\BOOKMARK [1][-]{section.5.22}{\376\377\0005\000.\0002\0002\000\040\000P\000l\000a\000y\000e\000r\000.\000c\000p\000p}{chapter.5}% 162
\BOOKMARK [1][-]{section.5.23}{\376\377\0005\000.\0002\0003\000\040\000R\000e\000f\000e\000r\000\352\000n\000c\000i\000a\000\040\000d\000o\000\040\000A\000r\000q\000u\000i\000v\000o\000\040\000s\000r\000c\000/\000R\000e\000v\000e\000r\000s\000i\000.\000c\000p\000p}{chapter.5}% 163
\BOOKMARK [2][-]{subsection.5.23.1}{\376\377\0005\000.\0002\0003\000.\0001\000\040\000V\000a\000r\000i\000\341\000v\000e\000i\000s}{section.5.23}% 164
\BOOKMARK [3][-]{subsubsection.5.23.1.1}{\376\377\0005\000.\0002\0003\000.\0001\000.\0001\000\040\000n\000u\000m\000\137\000c\000o\000l\000u\000m\000n\000s\000\137\000a\000n\000d\000\137\000r\000o\000w\000s\000\137\000r\000e\000v\000e\000r\000s\000i}{subsection.5.23.1}% 165
\BOOKMARK [1][-]{section.5.24}{\376\377\0005\000.\0002\0004\000\040\000R\000e\000v\000e\000r\000s\000i\000.\000c\000p\000p}{chapter.5}% 166
\BOOKMARK [1][-]{section.5.25}{\376\377\0005\000.\0002\0005\000\040\000R\000e\000f\000e\000r\000\352\000n\000c\000i\000a\000\040\000d\000o\000\040\000A\000r\000q\000u\000i\000v\000o\000\040\000s\000r\000c\000/\000T\000i\000c\000\137\000t\000a\000c\000\137\000t\000o\000e\000.\000c\000p\000p}{chapter.5}% 167
\BOOKMARK [2][-]{subsection.5.25.1}{\376\377\0005\000.\0002\0005\000.\0001\000\040\000V\000a\000r\000i\000\341\000v\000e\000i\000s}{section.5.25}% 168
\BOOKMARK [3][-]{subsubsection.5.25.1.1}{\376\377\0005\000.\0002\0005\000.\0001\000.\0001\000\040\000n\000u\000m\000\137\000c\000o\000l\000u\000m\000n\000s\000\137\000r\000e\000c\000e\000i\000v\000e\000d}{subsection.5.25.1}% 169
\BOOKMARK [3][-]{subsubsection.5.25.1.2}{\376\377\0005\000.\0002\0005\000.\0001\000.\0002\000\040\000n\000u\000m\000\137\000r\000o\000w\000s\000\137\000r\000e\000c\000e\000i\000v\000e\000d}{subsection.5.25.1}% 170
\BOOKMARK [1][-]{section.5.26}{\376\377\0005\000.\0002\0006\000\040\000T\000i\000c\000\137\000t\000a\000c\000\137\000t\000o\000e\000.\000c\000p\000p}{chapter.5}% 171
\BOOKMARK [0][-]{section*.34}{\376\377\000\315\000n\000d\000i\000c\000e\000\040\000R\000e\000m\000i\000s\000s\000i\000v\000o}{}% 172
